#! /usr/bin/vvp
:ivl_version "10.1 (stable)";
:ivl_delay_selection "TYPICAL";
:vpi_time_precision - 9;
:vpi_module "system";
:vpi_module "vhdl_sys";
:vpi_module "v2005_math";
:vpi_module "va_math";
S_0x55bd1223f020 .scope module, "testbench" "testbench" 2 28;
 .timescale -9 -9;
v0x55bd122698e0_0 .net "CAM_CMOS_VSYNC", 0 0, v0x55bd1223df20_0;  1 drivers
v0x55bd122699f0_0 .net "boson_CLK", 0 0, v0x55bd1223c1f0_0;  1 drivers
v0x55bd12269b00_0 .net "boson_DQ", 15 0, v0x55bd1223cc30_0;  1 drivers
v0x55bd12269bf0_0 .net "boson_HSYNC", 0 0, v0x55bd1223d050_0;  1 drivers
v0x55bd12269ce0_0 .net "boson_VALID", 0 0, v0x55bd1223d4c0_0;  1 drivers
v0x55bd12269e20_0 .var "boson_active", 0 0;
v0x55bd12269ec0_0 .net "boson_d", 15 0, L_0x55bd1226b3f0;  1 drivers
o0x7fed73bcbfa8 .functor BUFZ 1, C4<z>; HiZ drive
v0x55bd12269f80_0 .net "boson_error", 0 0, o0x7fed73bcbfa8;  0 drivers
v0x55bd1226a020_0 .net "boson_rdy", 0 0, L_0x55bd1226aa70;  1 drivers
v0x55bd1226a0c0_0 .var "boson_req", 0 0;
v0x55bd1226a160_0 .var "burst_wr_rdy", 0 0;
v0x55bd1226a200_0 .var "busy", 0 0;
v0x55bd1226a2a0_0 .var "clk", 0 0;
v0x55bd1226a340_0 .var "frame_request", 0 0;
v0x55bd1226a3e0_0 .var "resetn", 0 0;
v0x55bd1226a4d0_0 .var "state", 9 0;
v0x55bd1226a590_0 .var "wr_d", 31 0;
v0x55bd1226a780_0 .var "wr_req_boson", 0 0;
v0x55bd1226a840_0 .var "write_address", 31 0;
v0x55bd1226a920_0 .var "write_jk", 0 0;
S_0x55bd12235140 .scope module, "cam" "bosonCamera" 2 55, 3 28 0, S_0x55bd1223f020;
 .timescale -9 -9;
    .port_info 0 /INPUT 1 "reset"
    .port_info 1 /OUTPUT 16 "CMOS_DQ"
    .port_info 2 /OUTPUT 1 "CMOS_CLK"
    .port_info 3 /OUTPUT 1 "CMOS_VSYNC"
    .port_info 4 /OUTPUT 1 "CMOS_HSYNC"
    .port_info 5 /OUTPUT 1 "CMOS_VALID"
v0x55bd1223c1f0_0 .var "CMOS_CLK", 0 0;
v0x55bd1223cc30_0 .var "CMOS_DQ", 15 0;
v0x55bd1223d050_0 .var "CMOS_HSYNC", 0 0;
v0x55bd1223d4c0_0 .var "CMOS_VALID", 0 0;
v0x55bd1223df20_0 .var "CMOS_VSYNC", 0 0;
v0x55bd1223e9e0_0 .var "frame_clk", 31 0;
v0x55bd12264890_0 .var "frame_counter", 31 0;
v0x55bd12264970_0 .var "pixel_cnt", 31 0;
v0x55bd12264a50_0 .net "reset", 0 0, v0x55bd1226a3e0_0;  1 drivers
E_0x55bd12222820 .event negedge, v0x55bd1223c1f0_0;
S_0x55bd12264bd0 .scope module, "pc" "parallel_capture" 2 72, 4 3 0, S_0x55bd1223f020;
 .timescale -9 -9;
    .port_info 0 /INPUT 1 "resetn"
    .port_info 1 /INPUT 1 "clk"
    .port_info 2 /OUTPUT 16 "output_d"
    .port_info 3 /OUTPUT 1 "output_rdy"
    .port_info 4 /INPUT 1 "output_next"
    .port_info 5 /OUTPUT 1 "output_error"
    .port_info 6 /INPUT 1 "busy"
    .port_info 7 /INPUT 1 "boson_frame_req"
    .port_info 8 /OUTPUT 1 "boson_capture_active"
    .port_info 9 /INPUT 16 "CAM_CMOS_D"
    .port_info 10 /INPUT 1 "CAM_CMOS_CLK"
    .port_info 11 /INPUT 1 "CAM_CMOS_VALID"
    .port_info 12 /OUTPUT 1 "BOSON_RESET"
    .port_info 13 /INPUT 1 "CAM_CMOS_VSYNC"
    .port_info 14 /INPUT 1 "CAM_CMOS_HSYNC"
L_0x55bd12213a20 .functor BUFZ 1, v0x55bd1223df20_0, C4<0>, C4<0>, C4<0>;
L_0x55bd12213b40 .functor BUFZ 1, v0x55bd1223d050_0, C4<0>, C4<0>, C4<0>;
L_0x55bd12213d70 .functor BUFZ 1, v0x55bd1223c1f0_0, C4<0>, C4<0>, C4<0>;
L_0x55bd12220a70 .functor BUFZ 16, v0x55bd1223cc30_0, C4<0000000000000000>, C4<0000000000000000>, C4<0000000000000000>;
L_0x55bd12220b90 .functor BUFZ 1, v0x55bd1223d4c0_0, C4<0>, C4<0>, C4<0>;
L_0x55bd12220dc0 .functor AND 1, L_0x55bd12220b90, v0x55bd12268a60_0, C4<1>, C4<1>;
L_0x55bd1226acb0 .functor OR 1, v0x55bd12268f80_0, v0x55bd122692e0_0, C4<0>, C4<0>;
L_0x55bd1226ad20 .functor OR 1, L_0x55bd1226acb0, L_0x55bd1226aa70, C4<0>, C4<0>;
o0x7fed73bcbcd8 .functor BUFZ 1, C4<z>; HiZ drive
v0x55bd12267f00_0 .net "BOSON_RESET", 0 0, o0x7fed73bcbcd8;  0 drivers
v0x55bd12267fe0_0 .net "CAM_CMOS_CLK", 0 0, v0x55bd1223c1f0_0;  alias, 1 drivers
v0x55bd122680d0_0 .net "CAM_CMOS_D", 15 0, v0x55bd1223cc30_0;  alias, 1 drivers
v0x55bd122681d0_0 .net "CAM_CMOS_HSYNC", 0 0, v0x55bd1223d050_0;  alias, 1 drivers
v0x55bd122682a0_0 .net "CAM_CMOS_VALID", 0 0, v0x55bd1223d4c0_0;  alias, 1 drivers
v0x55bd12268340_0 .net "CAM_CMOS_VSYNC", 0 0, v0x55bd1223df20_0;  alias, 1 drivers
v0x55bd12268410_0 .net *"_s14", 0 0, L_0x55bd1226acb0;  1 drivers
v0x55bd122684b0_0 .net "boson_capture_active", 0 0, L_0x55bd1226ad20;  1 drivers
v0x55bd12268550_0 .net "boson_clk", 0 0, L_0x55bd12213d70;  1 drivers
v0x55bd122685f0_0 .net "boson_data", 15 0, L_0x55bd12220a70;  1 drivers
v0x55bd122686e0_0 .net "boson_frame_req", 0 0, v0x55bd1226a340_0;  1 drivers
v0x55bd12268780_0 .net "boson_hsync", 0 0, L_0x55bd12213b40;  1 drivers
v0x55bd12268820_0 .net "boson_valid", 0 0, L_0x55bd12220b90;  1 drivers
v0x55bd122688e0_0 .net "boson_vsync", 0 0, L_0x55bd12213a20;  1 drivers
o0x7fed73bcbe28 .functor BUFZ 1, C4<z>; HiZ drive
v0x55bd122689a0_0 .net "busy", 0 0, o0x7fed73bcbe28;  0 drivers
v0x55bd12268a60_0 .var "capture_active", 0 0;
v0x55bd12268b20_0 .net "clk", 0 0, v0x55bd1226a2a0_0;  1 drivers
v0x55bd12268d20_0 .var "clk_cnt", 18 0;
v0x55bd12268e00_0 .var "d_capture_active", 0 0;
v0x55bd12268ec0_0 .var "d_frame_req", 0 0;
v0x55bd12268f80_0 .var "dd_capture_active", 0 0;
v0x55bd12269040_0 .var "dd_frame_req", 0 0;
v0x55bd12269100_0 .net "fifo_empty", 0 0, v0x55bd12267100_0;  1 drivers
v0x55bd122691a0_0 .net "fifo_enq", 0 0, L_0x55bd12220dc0;  1 drivers
v0x55bd12269240_0 .net "fifo_full", 0 0, v0x55bd12267290_0;  1 drivers
v0x55bd122692e0_0 .var "frame_pending", 0 0;
v0x55bd12269380_0 .net "output_d", 15 0, L_0x55bd1226b3f0;  alias, 1 drivers
v0x55bd12269470_0 .net "output_error", 0 0, o0x7fed73bcbfa8;  alias, 0 drivers
v0x55bd12269510_0 .net "output_next", 0 0, v0x55bd1226a0c0_0;  1 drivers
v0x55bd122695b0_0 .net "output_rdy", 0 0, L_0x55bd1226aa70;  alias, 1 drivers
v0x55bd12269650_0 .net "resetn", 0 0, v0x55bd1226a3e0_0;  alias, 1 drivers
L_0x55bd1226aa70 .reduce/nor v0x55bd12267100_0;
L_0x55bd1227b7a0 .reduce/nor v0x55bd1226a3e0_0;
L_0x55bd1227b870 .reduce/nor v0x55bd1226a3e0_0;
S_0x55bd12264ee0 .scope module, "boson_fifo" "BramFifo" 4 111, 5 3 0, S_0x55bd12264bd0;
 .timescale -9 -9;
    .port_info 0 /INPUT 1 "CLK0"
    .port_info 1 /INPUT 1 "RST0"
    .port_info 2 /OUTPUT 16 "Q"
    .port_info 3 /INPUT 1 "DEQ"
    .port_info 4 /OUTPUT 1 "EMPTY"
    .port_info 5 /INPUT 1 "CLK1"
    .port_info 6 /INPUT 1 "RST1"
    .port_info 7 /INPUT 16 "D"
    .port_info 8 /INPUT 1 "ENQ"
    .port_info 9 /OUTPUT 1 "FULL"
P_0x55bd122650b0 .param/l "ADDR_LEN" 0 5 5, +C4<00000000000000000000000000001001>;
P_0x55bd122650f0 .param/l "DATA_WIDTH" 0 5 6, +C4<00000000000000000000000000010000>;
P_0x55bd12265130 .param/l "MEM_SIZE" 1 5 7, +C4<00000000000000000000001000000000>;
L_0x55bd1226b100 .functor AND 1, L_0x55bd12220dc0, L_0x55bd1226b010, C4<1>, C4<1>;
v0x55bd12266dd0_0 .net "CLK0", 0 0, v0x55bd1226a2a0_0;  alias, 1 drivers
v0x55bd12266e90_0 .net "CLK1", 0 0, L_0x55bd12213d70;  alias, 1 drivers
v0x55bd12266f60_0 .net "D", 15 0, L_0x55bd12220a70;  alias, 1 drivers
v0x55bd12267060_0 .net "DEQ", 0 0, v0x55bd1226a0c0_0;  alias, 1 drivers
v0x55bd12267100_0 .var "EMPTY", 0 0;
v0x55bd122671f0_0 .net "ENQ", 0 0, L_0x55bd12220dc0;  alias, 1 drivers
v0x55bd12267290_0 .var "FULL", 0 0;
v0x55bd12267350_0 .net "Q", 15 0, L_0x55bd1226b3f0;  alias, 1 drivers
v0x55bd12267410_0 .net "RST0", 0 0, L_0x55bd1227b7a0;  1 drivers
v0x55bd122674b0_0 .net "RST1", 0 0, L_0x55bd1227b870;  1 drivers
v0x55bd12267570_0 .net *"_s5", 0 0, L_0x55bd1226b010;  1 drivers
v0x55bd12267630_0 .var "d_gray_head", 8 0;
v0x55bd12267710_0 .var "d_gray_tail", 8 0;
v0x55bd122677f0_0 .var "dd_gray_head", 8 0;
v0x55bd122678d0_0 .var "dd_gray_tail", 8 0;
v0x55bd122679b0_0 .net "gray_head", 8 0, L_0x55bd1226ae30;  1 drivers
v0x55bd12267a90_0 .net "gray_tail", 8 0, L_0x55bd1226af20;  1 drivers
v0x55bd12267b70_0 .var "head", 8 0;
v0x55bd12267c60_0 .net "ram_we", 0 0, L_0x55bd1226b100;  1 drivers
v0x55bd12267d30_0 .var "tail", 8 0;
L_0x55bd1226ae30 .ufunc TD_testbench.pc.boson_fifo.to_gray, 9, v0x55bd12267b70_0 (v0x55bd12266c10_0) v0x55bd12266cf0_0 S_0x55bd12266a70;
L_0x55bd1226af20 .ufunc TD_testbench.pc.boson_fifo.to_gray, 9, v0x55bd12267d30_0 (v0x55bd12266c10_0) v0x55bd12266cf0_0 S_0x55bd12266a70;
L_0x55bd1226b010 .reduce/nor v0x55bd12267290_0;
S_0x55bd12265370 .scope module, "ram" "BRAM2" 5 105, 5 113 0, S_0x55bd12264ee0;
 .timescale -9 -9;
    .port_info 0 /INPUT 1 "CLK0"
    .port_info 1 /INPUT 9 "ADDR0"
    .port_info 2 /INPUT 16 "D0"
    .port_info 3 /INPUT 1 "WE0"
    .port_info 4 /OUTPUT 16 "Q0"
    .port_info 5 /INPUT 1 "CLK1"
    .port_info 6 /INPUT 9 "ADDR1"
    .port_info 7 /INPUT 16 "D1"
    .port_info 8 /INPUT 1 "WE1"
    .port_info 9 /OUTPUT 16 "Q1"
P_0x55bd12265560 .param/l "LEN" 1 5 117, +C4<00000000000000000000001000000000>;
P_0x55bd122655a0 .param/l "W_A" 0 5 115, +C4<00000000000000000000000000001001>;
P_0x55bd122655e0 .param/l "W_D" 0 5 116, +C4<00000000000000000000000000010000>;
L_0x55bd1226b3f0 .functor BUFZ 16, L_0x55bd1226b210, C4<0000000000000000>, C4<0000000000000000>, C4<0000000000000000>;
L_0x55bd1226b670 .functor BUFZ 16, L_0x55bd1226b460, C4<0000000000000000>, C4<0000000000000000>, C4<0000000000000000>;
v0x55bd122658b0_0 .net "ADDR0", 8 0, v0x55bd12267b70_0;  1 drivers
v0x55bd122659b0_0 .net "ADDR1", 8 0, v0x55bd12267d30_0;  1 drivers
v0x55bd12265a90_0 .net "CLK0", 0 0, v0x55bd1226a2a0_0;  alias, 1 drivers
v0x55bd12265b60_0 .net "CLK1", 0 0, L_0x55bd12213d70;  alias, 1 drivers
L_0x7fed73b820a8 .functor BUFT 1, C4<0000000000000000>, C4<0>, C4<0>, C4<0>;
v0x55bd12265c20_0 .net "D0", 15 0, L_0x7fed73b820a8;  1 drivers
v0x55bd12265d50_0 .net "D1", 15 0, L_0x55bd12220a70;  alias, 1 drivers
v0x55bd12265e30_0 .net "Q0", 15 0, L_0x55bd1226b3f0;  alias, 1 drivers
v0x55bd12265f10_0 .net "Q1", 15 0, L_0x55bd1226b670;  1 drivers
L_0x7fed73b820f0 .functor BUFT 1, C4<0>, C4<0>, C4<0>, C4<0>;
v0x55bd12265ff0_0 .net "WE0", 0 0, L_0x7fed73b820f0;  1 drivers
v0x55bd122660b0_0 .net "WE1", 0 0, L_0x55bd1226b100;  alias, 1 drivers
v0x55bd12266170_0 .net *"_s0", 15 0, L_0x55bd1226b210;  1 drivers
v0x55bd12266250_0 .net *"_s10", 10 0, L_0x55bd1226b500;  1 drivers
L_0x7fed73b82060 .functor BUFT 1, C4<00>, C4<0>, C4<0>, C4<0>;
v0x55bd12266330_0 .net *"_s13", 1 0, L_0x7fed73b82060;  1 drivers
v0x55bd12266410_0 .net *"_s2", 10 0, L_0x55bd1226b2b0;  1 drivers
L_0x7fed73b82018 .functor BUFT 1, C4<00>, C4<0>, C4<0>, C4<0>;
v0x55bd122664f0_0 .net *"_s5", 1 0, L_0x7fed73b82018;  1 drivers
v0x55bd122665d0_0 .net *"_s8", 15 0, L_0x55bd1226b460;  1 drivers
v0x55bd122666b0_0 .var "d_ADDR0", 8 0;
v0x55bd12266790_0 .var "d_ADDR1", 8 0;
v0x55bd12266870 .array "mem", 511 0, 15 0;
E_0x55bd122221f0 .event posedge, v0x55bd12265b60_0;
E_0x55bd122231f0 .event posedge, v0x55bd12265a90_0;
L_0x55bd1226b210 .array/port v0x55bd12266870, L_0x55bd1226b2b0;
L_0x55bd1226b2b0 .concat [ 9 2 0 0], v0x55bd122666b0_0, L_0x7fed73b82018;
L_0x55bd1226b460 .array/port v0x55bd12266870, L_0x55bd1226b500;
L_0x55bd1226b500 .concat [ 9 2 0 0], v0x55bd12266790_0, L_0x7fed73b82060;
S_0x55bd12266a70 .scope function, "to_gray" "to_gray" 5 40, 5 40 0, S_0x55bd12264ee0;
 .timescale -9 -9;
v0x55bd12266c10_0 .var "in", 8 0;
v0x55bd12266cf0_0 .var "to_gray", 8 0;
TD_testbench.pc.boson_fifo.to_gray ;
    %load/vec4 v0x55bd12266c10_0;
    %load/vec4 v0x55bd12266c10_0;
    %ix/load 4, 1, 0;
    %flag_set/imm 4, 0;
    %shiftr 4;
    %xor;
    %store/vec4 v0x55bd12266cf0_0, 0, 9;
    %end;
    .scope S_0x55bd12235140;
T_1 ;
    %pushi/vec4 0, 0, 32;
    %store/vec4 v0x55bd12264890_0, 0, 32;
    %end;
    .thread T_1;
    .scope S_0x55bd12235140;
T_2 ;
    %pushi/vec4 12640, 0, 32;
    %store/vec4 v0x55bd1223e9e0_0, 0, 32;
    %end;
    .thread T_2;
    .scope S_0x55bd12235140;
T_3 ;
    %pushi/vec4 0, 0, 16;
    %store/vec4 v0x55bd1223cc30_0, 0, 16;
    %pushi/vec4 0, 0, 1;
    %store/vec4 v0x55bd1223c1f0_0, 0, 1;
    %pushi/vec4 0, 0, 1;
    %store/vec4 v0x55bd1223df20_0, 0, 1;
    %pushi/vec4 0, 0, 1;
    %store/vec4 v0x55bd1223d050_0, 0, 1;
    %pushi/vec4 0, 0, 1;
    %store/vec4 v0x55bd1223d4c0_0, 0, 1;
    %end;
    .thread T_3;
    .scope S_0x55bd12235140;
T_4 ;
    %delay 37, 0;
    %load/vec4 v0x55bd1223c1f0_0;
    %inv;
    %store/vec4 v0x55bd1223c1f0_0, 0, 1;
    %jmp T_4;
    .thread T_4;
    .scope S_0x55bd12235140;
T_5 ;
    %pushi/vec4 0, 0, 32;
    %store/vec4 v0x55bd12264970_0, 0, 32;
    %end;
    .thread T_5;
    .scope S_0x55bd12235140;
T_6 ;
    %wait E_0x55bd12222820;
    %load/vec4 v0x55bd1223e9e0_0;
    %addi 1, 0, 32;
    %store/vec4 v0x55bd1223e9e0_0, 0, 32;
    %load/vec4 v0x55bd1223e9e0_0;
    %pushi/vec4 1711, 0, 32;
    %div;
    %cmpi/u 7, 0, 32;
    %jmp/0xz  T_6.0, 5;
    %pushi/vec4 0, 0, 1;
    %store/vec4 v0x55bd1223d4c0_0, 0, 1;
    %pushi/vec4 0, 0, 1;
    %store/vec4 v0x55bd1223df20_0, 0, 1;
    %jmp T_6.1;
T_6.0 ;
    %pushi/vec4 1, 0, 1;
    %store/vec4 v0x55bd1223df20_0, 0, 1;
    %load/vec4 v0x55bd1223e9e0_0;
    %pushi/vec4 1711, 0, 32;
    %mod;
    %cmpi/u 7, 0, 32;
    %jmp/0xz  T_6.2, 5;
    %pushi/vec4 0, 0, 1;
    %store/vec4 v0x55bd1223d050_0, 0, 1;
    %jmp T_6.3;
T_6.2 ;
    %pushi/vec4 1, 0, 1;
    %store/vec4 v0x55bd1223d050_0, 0, 1;
T_6.3 ;
    %pushi/vec4 692, 0, 32;
    %load/vec4 v0x55bd1223e9e0_0;
    %pushi/vec4 1711, 0, 32;
    %mod;
    %cmp/u;
    %flag_get/vec4 5;
    %load/vec4 v0x55bd1223e9e0_0;
    %pushi/vec4 1711, 0, 32;
    %mod;
    %cmpi/u 1012, 0, 32;
    %flag_get/vec4 5;
    %and;
    %flag_set/vec4 8;
    %jmp/0xz  T_6.4, 8;
    %pushi/vec4 1, 0, 1;
    %store/vec4 v0x55bd1223d4c0_0, 0, 1;
    %load/vec4 v0x55bd12264970_0;
    %addi 1, 0, 32;
    %store/vec4 v0x55bd12264970_0, 0, 32;
    %load/vec4 v0x55bd12264970_0;
    %pad/u 16;
    %store/vec4 v0x55bd1223cc30_0, 0, 16;
    %jmp T_6.5;
T_6.4 ;
    %pushi/vec4 0, 0, 1;
    %store/vec4 v0x55bd1223d4c0_0, 0, 1;
    %pushi/vec4 0, 0, 16;
    %store/vec4 v0x55bd1223cc30_0, 0, 16;
T_6.5 ;
T_6.1 ;
    %pushi/vec4 449993, 0, 32;
    %load/vec4 v0x55bd1223e9e0_0;
    %cmp/u;
    %flag_or 5, 4;
    %jmp/0xz  T_6.6, 5;
    %pushi/vec4 0, 0, 32;
    %store/vec4 v0x55bd12264970_0, 0, 32;
    %pushi/vec4 0, 0, 32;
    %store/vec4 v0x55bd1223e9e0_0, 0, 32;
T_6.6 ;
    %jmp T_6;
    .thread T_6;
    .scope S_0x55bd12265370;
T_7 ;
    %wait E_0x55bd122231f0;
    %load/vec4 v0x55bd12265ff0_0;
    %flag_set/vec4 8;
    %jmp/0xz  T_7.0, 8;
    %load/vec4 v0x55bd12265c20_0;
    %load/vec4 v0x55bd122658b0_0;
    %pad/u 11;
    %ix/vec4 3;
    %ix/load 4, 0, 0; Constant delay
    %assign/vec4/a/d v0x55bd12266870, 0, 4;
T_7.0 ;
    %load/vec4 v0x55bd122658b0_0;
    %assign/vec4 v0x55bd122666b0_0, 0;
    %jmp T_7;
    .thread T_7;
    .scope S_0x55bd12265370;
T_8 ;
    %wait E_0x55bd122221f0;
    %load/vec4 v0x55bd122660b0_0;
    %flag_set/vec4 8;
    %jmp/0xz  T_8.0, 8;
    %load/vec4 v0x55bd12265d50_0;
    %load/vec4 v0x55bd122659b0_0;
    %pad/u 11;
    %ix/vec4 3;
    %ix/load 4, 0, 0; Constant delay
    %assign/vec4/a/d v0x55bd12266870, 0, 4;
T_8.0 ;
    %load/vec4 v0x55bd122659b0_0;
    %assign/vec4 v0x55bd12266790_0, 0;
    %jmp T_8;
    .thread T_8;
    .scope S_0x55bd12264ee0;
T_9 ;
    %pushi/vec4 0, 0, 1;
    %store/vec4 v0x55bd12267100_0, 0, 1;
    %end;
    .thread T_9;
    .scope S_0x55bd12264ee0;
T_10 ;
    %pushi/vec4 0, 0, 1;
    %store/vec4 v0x55bd12267290_0, 0, 1;
    %end;
    .thread T_10;
    .scope S_0x55bd12264ee0;
T_11 ;
    %pushi/vec4 0, 0, 9;
    %store/vec4 v0x55bd12267b70_0, 0, 9;
    %end;
    .thread T_11;
    .scope S_0x55bd12264ee0;
T_12 ;
    %pushi/vec4 0, 0, 9;
    %store/vec4 v0x55bd12267d30_0, 0, 9;
    %end;
    .thread T_12;
    .scope S_0x55bd12264ee0;
T_13 ;
    %pushi/vec4 0, 0, 9;
    %store/vec4 v0x55bd12267630_0, 0, 9;
    %end;
    .thread T_13;
    .scope S_0x55bd12264ee0;
T_14 ;
    %pushi/vec4 0, 0, 9;
    %store/vec4 v0x55bd12267710_0, 0, 9;
    %end;
    .thread T_14;
    .scope S_0x55bd12264ee0;
T_15 ;
    %pushi/vec4 0, 0, 9;
    %store/vec4 v0x55bd122677f0_0, 0, 9;
    %end;
    .thread T_15;
    .scope S_0x55bd12264ee0;
T_16 ;
    %pushi/vec4 0, 0, 9;
    %store/vec4 v0x55bd122678d0_0, 0, 9;
    %end;
    .thread T_16;
    .scope S_0x55bd12264ee0;
T_17 ;
    %wait E_0x55bd122231f0;
    %load/vec4 v0x55bd12267410_0;
    %flag_set/vec4 8;
    %jmp/0xz  T_17.0, 8;
    %pushi/vec4 0, 0, 9;
    %assign/vec4 v0x55bd12267b70_0, 0;
    %jmp T_17.1;
T_17.0 ;
    %load/vec4 v0x55bd12267100_0;
    %nor/r;
    %load/vec4 v0x55bd12267060_0;
    %and;
    %flag_set/vec4 8;
    %jmp/0xz  T_17.2, 8;
    %load/vec4 v0x55bd12267b70_0;
    %pad/u 32;
    %cmpi/e 511, 0, 32;
    %flag_mov 8, 4;
    %jmp/0 T_17.4, 8;
    %pushi/vec4 0, 0, 9;
    %jmp/1 T_17.5, 8;
T_17.4 ; End of true expr.
    %load/vec4 v0x55bd12267b70_0;
    %addi 1, 0, 9;
    %jmp/0 T_17.5, 8;
 ; End of false expr.
    %blend;
T_17.5;
    %assign/vec4 v0x55bd12267b70_0, 0;
T_17.2 ;
T_17.1 ;
    %jmp T_17;
    .thread T_17;
    .scope S_0x55bd12264ee0;
T_18 ;
    %wait E_0x55bd122221f0;
    %load/vec4 v0x55bd122674b0_0;
    %flag_set/vec4 8;
    %jmp/0xz  T_18.0, 8;
    %pushi/vec4 0, 0, 9;
    %assign/vec4 v0x55bd12267d30_0, 0;
    %jmp T_18.1;
T_18.0 ;
    %load/vec4 v0x55bd12267290_0;
    %nor/r;
    %load/vec4 v0x55bd122671f0_0;
    %and;
    %flag_set/vec4 8;
    %jmp/0xz  T_18.2, 8;
    %load/vec4 v0x55bd12267d30_0;
    %pad/u 32;
    %cmpi/e 511, 0, 32;
    %flag_mov 8, 4;
    %jmp/0 T_18.4, 8;
    %pushi/vec4 0, 0, 9;
    %jmp/1 T_18.5, 8;
T_18.4 ; End of true expr.
    %load/vec4 v0x55bd12267d30_0;
    %addi 1, 0, 9;
    %jmp/0 T_18.5, 8;
 ; End of false expr.
    %blend;
T_18.5;
    %assign/vec4 v0x55bd12267d30_0, 0;
T_18.2 ;
T_18.1 ;
    %jmp T_18;
    .thread T_18;
    .scope S_0x55bd12264ee0;
T_19 ;
    %wait E_0x55bd122221f0;
    %load/vec4 v0x55bd122679b0_0;
    %assign/vec4 v0x55bd12267630_0, 0;
    %load/vec4 v0x55bd12267630_0;
    %assign/vec4 v0x55bd122677f0_0, 0;
    %jmp T_19;
    .thread T_19;
    .scope S_0x55bd12264ee0;
T_20 ;
    %wait E_0x55bd122231f0;
    %load/vec4 v0x55bd12267a90_0;
    %assign/vec4 v0x55bd12267710_0, 0;
    %load/vec4 v0x55bd12267710_0;
    %assign/vec4 v0x55bd122678d0_0, 0;
    %jmp T_20;
    .thread T_20;
    .scope S_0x55bd12264ee0;
T_21 ;
    %wait E_0x55bd122231f0;
    %load/vec4 v0x55bd12267060_0;
    %load/vec4 v0x55bd12267100_0;
    %nor/r;
    %and;
    %flag_set/vec4 8;
    %jmp/0xz  T_21.0, 8;
    %load/vec4 v0x55bd122678d0_0;
    %load/vec4 v0x55bd12267b70_0;
    %addi 1, 0, 9;
    %store/vec4 v0x55bd12266c10_0, 0, 9;
    %fork TD_testbench.pc.boson_fifo.to_gray, S_0x55bd12266a70;
    %join;
    %load/vec4  v0x55bd12266cf0_0;
    %cmp/e;
    %flag_get/vec4 4;
    %assign/vec4 v0x55bd12267100_0, 0;
    %jmp T_21.1;
T_21.0 ;
    %load/vec4 v0x55bd122678d0_0;
    %load/vec4 v0x55bd12267b70_0;
    %store/vec4 v0x55bd12266c10_0, 0, 9;
    %fork TD_testbench.pc.boson_fifo.to_gray, S_0x55bd12266a70;
    %join;
    %load/vec4  v0x55bd12266cf0_0;
    %cmp/e;
    %flag_get/vec4 4;
    %assign/vec4 v0x55bd12267100_0, 0;
T_21.1 ;
    %jmp T_21;
    .thread T_21;
    .scope S_0x55bd12264ee0;
T_22 ;
    %wait E_0x55bd122221f0;
    %load/vec4 v0x55bd122671f0_0;
    %load/vec4 v0x55bd12267290_0;
    %nor/r;
    %and;
    %flag_set/vec4 8;
    %jmp/0xz  T_22.0, 8;
    %load/vec4 v0x55bd122677f0_0;
    %load/vec4 v0x55bd12267d30_0;
    %addi 2, 0, 9;
    %store/vec4 v0x55bd12266c10_0, 0, 9;
    %fork TD_testbench.pc.boson_fifo.to_gray, S_0x55bd12266a70;
    %join;
    %load/vec4  v0x55bd12266cf0_0;
    %cmp/e;
    %flag_get/vec4 4;
    %assign/vec4 v0x55bd12267290_0, 0;
    %jmp T_22.1;
T_22.0 ;
    %load/vec4 v0x55bd122677f0_0;
    %load/vec4 v0x55bd12267d30_0;
    %addi 1, 0, 9;
    %store/vec4 v0x55bd12266c10_0, 0, 9;
    %fork TD_testbench.pc.boson_fifo.to_gray, S_0x55bd12266a70;
    %join;
    %load/vec4  v0x55bd12266cf0_0;
    %cmp/e;
    %flag_get/vec4 4;
    %assign/vec4 v0x55bd12267290_0, 0;
T_22.1 ;
    %jmp T_22;
    .thread T_22;
    .scope S_0x55bd12264bd0;
T_23 ;
    %pushi/vec4 0, 0, 1;
    %store/vec4 v0x55bd12268a60_0, 0, 1;
    %end;
    .thread T_23;
    .scope S_0x55bd12264bd0;
T_24 ;
    %wait E_0x55bd122231f0;
    %load/vec4 v0x55bd122686e0_0;
    %flag_set/vec4 8;
    %jmp/0xz  T_24.0, 8;
    %pushi/vec4 1, 0, 1;
    %assign/vec4 v0x55bd122692e0_0, 0;
T_24.0 ;
    %load/vec4 v0x55bd12268f80_0;
    %flag_set/vec4 8;
    %jmp/0xz  T_24.2, 8;
    %pushi/vec4 0, 0, 1;
    %assign/vec4 v0x55bd122692e0_0, 0;
T_24.2 ;
    %jmp T_24;
    .thread T_24;
    .scope S_0x55bd12264bd0;
T_25 ;
    %wait E_0x55bd122221f0;
    %load/vec4 v0x55bd122692e0_0;
    %assign/vec4 v0x55bd12268ec0_0, 0;
    %load/vec4 v0x55bd12268ec0_0;
    %assign/vec4 v0x55bd12269040_0, 0;
    %jmp T_25;
    .thread T_25;
    .scope S_0x55bd12264bd0;
T_26 ;
    %wait E_0x55bd122231f0;
    %load/vec4 v0x55bd12268a60_0;
    %assign/vec4 v0x55bd12268e00_0, 0;
    %load/vec4 v0x55bd12268e00_0;
    %assign/vec4 v0x55bd12268f80_0, 0;
    %jmp T_26;
    .thread T_26;
    .scope S_0x55bd12264bd0;
T_27 ;
    %wait E_0x55bd122221f0;
    %load/vec4 v0x55bd12269650_0;
    %nor/r;
    %flag_set/vec4 8;
    %jmp/0xz  T_27.0, 8;
    %pushi/vec4 0, 0, 1;
    %assign/vec4 v0x55bd12268a60_0, 0;
    %pushi/vec4 0, 0, 19;
    %assign/vec4 v0x55bd12268d20_0, 0;
    %jmp T_27.1;
T_27.0 ;
    %load/vec4 v0x55bd122688e0_0;
    %pushi/vec4 0, 0, 1;
    %cmp/e;
    %flag_get/vec4 4;
    %load/vec4 v0x55bd12269040_0;
    %and;
    %load/vec4 v0x55bd12268a60_0;
    %nor/r;
    %and;
    %flag_set/vec4 8;
    %jmp/0xz  T_27.2, 8;
    %pushi/vec4 1, 0, 1;
    %assign/vec4 v0x55bd12268a60_0, 0;
    %pushi/vec4 0, 0, 19;
    %assign/vec4 v0x55bd12268d20_0, 0;
T_27.2 ;
    %load/vec4 v0x55bd12268d20_0;
    %load/vec4 v0x55bd12268a60_0;
    %pad/u 19;
    %add;
    %assign/vec4 v0x55bd12268d20_0, 0;
    %pushi/vec4 449993, 0, 32;
    %load/vec4 v0x55bd12268d20_0;
    %pad/u 32;
    %cmp/u;
    %flag_or 5, 4;
    %jmp/0xz  T_27.4, 5;
    %pushi/vec4 0, 0, 1;
    %assign/vec4 v0x55bd12268a60_0, 0;
    %pushi/vec4 0, 0, 19;
    %assign/vec4 v0x55bd12268d20_0, 0;
T_27.4 ;
T_27.1 ;
    %jmp T_27;
    .thread T_27;
    .scope S_0x55bd1223f020;
T_28 ;
    %pushi/vec4 1, 0, 1;
    %store/vec4 v0x55bd1226a340_0, 0, 1;
    %end;
    .thread T_28;
    .scope S_0x55bd1223f020;
T_29 ;
    %pushi/vec4 0, 0, 1;
    %store/vec4 v0x55bd1226a3e0_0, 0, 1;
    %end;
    .thread T_29;
    .scope S_0x55bd1223f020;
T_30 ;
    %pushi/vec4 0, 0, 1;
    %store/vec4 v0x55bd1226a2a0_0, 0, 1;
    %end;
    .thread T_30;
    .scope S_0x55bd1223f020;
T_31 ;
    %vpi_call 2 36 "$dumpfile", "testbench.vcd" {0 0 0};
    %vpi_call 2 37 "$dumpvars", 32'sb00000000000000000000000000000000, S_0x55bd1223f020 {0 0 0};
    %delay 5, 0;
    %pushi/vec4 1, 0, 1;
    %store/vec4 v0x55bd1226a3e0_0, 0, 1;
    %delay 100000000, 0;
    %vpi_call 2 43 "$finish" {0 0 0};
    %end;
    .thread T_31;
    .scope S_0x55bd1223f020;
T_32 ;
    %delay 10, 0;
    %load/vec4 v0x55bd1226a2a0_0;
    %nor/r;
    %assign/vec4 v0x55bd1226a2a0_0, 0;
    %jmp T_32;
    .thread T_32;
    .scope S_0x55bd1223f020;
T_33 ;
    %pushi/vec4 0, 0, 32;
    %store/vec4 v0x55bd1226a840_0, 0, 32;
    %end;
    .thread T_33;
    .scope S_0x55bd1223f020;
T_34 ;
    %pushi/vec4 0, 0, 1;
    %store/vec4 v0x55bd1226a920_0, 0, 1;
    %end;
    .thread T_34;
    .scope S_0x55bd1223f020;
T_35 ;
    %pushi/vec4 0, 0, 1;
    %store/vec4 v0x55bd1226a200_0, 0, 1;
    %end;
    .thread T_35;
    .scope S_0x55bd1223f020;
T_36 ;
    %pushi/vec4 0, 0, 10;
    %store/vec4 v0x55bd1226a4d0_0, 0, 10;
    %end;
    .thread T_36;
    .scope S_0x55bd1223f020;
T_37 ;
    %pushi/vec4 0, 0, 32;
    %store/vec4 v0x55bd1226a590_0, 0, 32;
    %end;
    .thread T_37;
    .scope S_0x55bd1223f020;
T_38 ;
    %pushi/vec4 0, 0, 1;
    %store/vec4 v0x55bd1226a780_0, 0, 1;
    %end;
    .thread T_38;
    .scope S_0x55bd1223f020;
T_39 ;
    %pushi/vec4 0, 0, 1;
    %store/vec4 v0x55bd1226a160_0, 0, 1;
    %end;
    .thread T_39;
    .scope S_0x55bd1223f020;
T_40 ;
    %wait E_0x55bd122231f0;
    %load/vec4 v0x55bd1226a3e0_0;
    %nor/r;
    %flag_set/vec4 8;
    %jmp/0xz  T_40.0, 8;
    %pushi/vec4 0, 0, 1;
    %assign/vec4 v0x55bd1226a920_0, 0;
    %pushi/vec4 0, 0, 32;
    %assign/vec4 v0x55bd1226a840_0, 0;
    %pushi/vec4 0, 0, 1;
    %assign/vec4 v0x55bd12269e20_0, 0;
    %pushi/vec4 0, 0, 32;
    %assign/vec4 v0x55bd1226a590_0, 0;
    %pushi/vec4 0, 0, 10;
    %assign/vec4 v0x55bd1226a4d0_0, 0;
    %pushi/vec4 0, 0, 1;
    %assign/vec4 v0x55bd1226a780_0, 0;
    %jmp T_40.1;
T_40.0 ;
    %load/vec4 v0x55bd1226a920_0;
    %nor/r;
    %load/vec4 v0x55bd122698e0_0;
    %nor/r;
    %and;
    %flag_set/vec4 8;
    %jmp/0xz  T_40.2, 8;
    %pushi/vec4 1, 0, 1;
    %assign/vec4 v0x55bd12269e20_0, 0;
    %pushi/vec4 1, 0, 1;
    %assign/vec4 v0x55bd1226a920_0, 0;
T_40.2 ;
    %pushi/vec4 0, 0, 1;
    %assign/vec4 v0x55bd1226a0c0_0, 0;
    %pushi/vec4 0, 0, 1;
    %assign/vec4 v0x55bd1226a780_0, 0;
    %load/vec4 v0x55bd12269e20_0;
    %load/vec4 v0x55bd1226a020_0;
    %and;
    %flag_set/vec4 8;
    %jmp/0xz  T_40.4, 8;
    %load/vec4 v0x55bd1226a4d0_0;
    %pad/u 32;
    %cmpi/e 0, 0, 32;
    %jmp/0xz  T_40.6, 4;
    %load/vec4 v0x55bd1226a200_0;
    %nor/r;
    %flag_set/vec4 8;
    %jmp/0xz  T_40.8, 8;
    %load/vec4 v0x55bd12269ec0_0;
    %ix/load 4, 16, 0;
    %ix/load 5, 0, 0;
    %flag_set/imm 4, 0;
    %assign/vec4/off/d v0x55bd1226a590_0, 4, 5;
    %pushi/vec4 1, 0, 1;
    %assign/vec4 v0x55bd1226a0c0_0, 0;
    %pushi/vec4 1, 0, 10;
    %assign/vec4 v0x55bd1226a4d0_0, 0;
T_40.8 ;
    %jmp T_40.7;
T_40.6 ;
    %load/vec4 v0x55bd1226a4d0_0;
    %pad/u 32;
    %cmpi/e 3, 0, 32;
    %jmp/0xz  T_40.10, 4;
    %load/vec4 v0x55bd1226a200_0;
    %nor/r;
    %flag_set/vec4 8;
    %jmp/0xz  T_40.12, 8;
    %pushi/vec4 1, 0, 1;
    %assign/vec4 v0x55bd1226a0c0_0, 0;
    %pushi/vec4 1, 0, 1;
    %assign/vec4 v0x55bd1226a780_0, 0;
    %load/vec4 v0x55bd1226a840_0;
    %addi 1, 0, 32;
    %assign/vec4 v0x55bd1226a840_0, 0;
    %load/vec4 v0x55bd12269ec0_0;
    %ix/load 4, 0, 0;
    %ix/load 5, 0, 0;
    %flag_set/imm 4, 0;
    %assign/vec4/off/d v0x55bd1226a590_0, 4, 5;
    %pushi/vec4 4, 0, 10;
    %assign/vec4 v0x55bd1226a4d0_0, 0;
T_40.12 ;
    %jmp T_40.11;
T_40.10 ;
    %load/vec4 v0x55bd1226a4d0_0;
    %pad/u 32;
    %cmpi/e 6, 0, 32;
    %jmp/0xz  T_40.14, 4;
    %load/vec4 v0x55bd12269ec0_0;
    %ix/load 4, 16, 0;
    %ix/load 5, 0, 0;
    %flag_set/imm 4, 0;
    %assign/vec4/off/d v0x55bd1226a590_0, 4, 5;
    %pushi/vec4 1, 0, 1;
    %assign/vec4 v0x55bd1226a0c0_0, 0;
    %pushi/vec4 7, 0, 10;
    %assign/vec4 v0x55bd1226a4d0_0, 0;
    %jmp T_40.15;
T_40.14 ;
    %load/vec4 v0x55bd1226a4d0_0;
    %pad/u 32;
    %cmpi/e 9, 0, 32;
    %jmp/0xz  T_40.16, 4;
    %load/vec4 v0x55bd1226a200_0;
    %flag_set/vec4 8;
    %jmp/0xz  T_40.18, 8;
    %load/vec4 v0x55bd1226a160_0;
    %flag_set/vec4 8;
    %jmp/0xz  T_40.20, 8;
    %pushi/vec4 1, 0, 1;
    %assign/vec4 v0x55bd1226a0c0_0, 0;
    %pushi/vec4 1, 0, 1;
    %assign/vec4 v0x55bd1226a780_0, 0;
    %load/vec4 v0x55bd1226a840_0;
    %addi 1, 0, 32;
    %assign/vec4 v0x55bd1226a840_0, 0;
    %load/vec4 v0x55bd12269ec0_0;
    %ix/load 4, 0, 0;
    %ix/load 5, 0, 0;
    %flag_set/imm 4, 0;
    %assign/vec4/off/d v0x55bd1226a590_0, 4, 5;
    %pushi/vec4 0, 0, 10;
    %assign/vec4 v0x55bd1226a4d0_0, 0;
T_40.20 ;
    %jmp T_40.19;
T_40.18 ;
    %pushi/vec4 3, 0, 10;
    %assign/vec4 v0x55bd1226a4d0_0, 0;
T_40.19 ;
    %jmp T_40.17;
T_40.16 ;
    %pushi/vec4 10, 0, 32;
    %load/vec4 v0x55bd1226a4d0_0;
    %pad/u 32;
    %cmp/u;
    %flag_or 5, 4;
    %jmp/0xz  T_40.22, 5;
    %pushi/vec4 0, 0, 10;
    %assign/vec4 v0x55bd1226a4d0_0, 0;
    %jmp T_40.23;
T_40.22 ;
    %load/vec4 v0x55bd1226a4d0_0;
    %addi 1, 0, 10;
    %assign/vec4 v0x55bd1226a4d0_0, 0;
T_40.23 ;
T_40.17 ;
T_40.15 ;
T_40.11 ;
T_40.7 ;
    %pushi/vec4 81920, 0, 32;
    %load/vec4 v0x55bd1226a840_0;
    %cmp/u;
    %flag_or 5, 4;
    %jmp/0xz  T_40.24, 5;
    %pushi/vec4 0, 0, 1;
    %assign/vec4 v0x55bd12269e20_0, 0;
T_40.24 ;
T_40.4 ;
T_40.1 ;
    %jmp T_40;
    .thread T_40;
    .scope S_0x55bd1223f020;
T_41 ;
    %wait E_0x55bd122231f0;
    %load/vec4 v0x55bd1226a0c0_0;
    %flag_set/vec4 8;
    %jmp/0xz  T_41.0, 8;
    %pushi/vec4 1, 0, 1;
    %store/vec4 v0x55bd1226a200_0, 0, 1;
    %delay 400, 0;
    %pushi/vec4 1, 0, 1;
    %store/vec4 v0x55bd1226a160_0, 0, 1;
    %delay 20, 0;
    %pushi/vec4 0, 0, 1;
    %store/vec4 v0x55bd1226a160_0, 0, 1;
    %pushi/vec4 0, 0, 1;
    %store/vec4 v0x55bd1226a200_0, 0, 1;
T_41.0 ;
    %jmp T_41;
    .thread T_41;
# The file index is used to find the file name in the following table.
:file_names 6;
    "N/A";
    "<interactive>";
    "boson_hyperram_tb.v";
    "boson_sim.v";
    "parallel_capture.v";
    "crossclk_fifo.v";
